16:21:35.542 [main] INFO  c.b.launchers.LaunchMavenCommand - Executing maven archetype command - browserstack-sdk-archetype-integrate
16:21:35.545 [main] INFO  c.b.launchers.LaunchMavenCommand - The maven properties for launcher are [archetypeVersion=1.4, archetypeGroupId=com.browserstack, archetypeArtifactId=browserstack-sdk-archetype-integrate, BROWSERSTACK_ACCESS_KEY=YOUR_ACCESS_KEY, groupId=com.browserstack, artifactId=java-archetype-integrate, BROWSERSTACK_USERNAME=YOUR_USERNAME, BROWSERSTACK_FRAMEWORK=java, BUILD_NAME=browserstack build, version=1.0, PROJECT_NAME=BrowserStack Sample, BROWSERSTACK_SOURCE=java:eclipse:v1.0.8]
16:21:35.552 [Worker-13: Launching mavenrun-24c61f3a-848d-4a5d-86ea-9f65b8930cba] INFO  c.b.BrowserStackPluginActivator - The previous launch removed.
16:24:21.312 [main] INFO  c.b.a.BrowserStackPropertyTester - Testing : isBrowserStackEnabled
16:24:21.312 [main] INFO  c.b.BrowserStackPluginActivator - Prefs Keys []
16:24:21.313 [main] INFO  c.b.a.BrowserStackPropertyTester - Validation Result isBrowserStackEnabled : true P/vendingMachine
16:24:21.313 [main] INFO  c.b.a.BrowserStackPropertyTester - Testing : isBrowserStackDisabled
16:24:21.313 [main] INFO  c.b.BrowserStackPluginActivator - Prefs Keys []
16:24:21.314 [main] INFO  c.b.a.BrowserStackPropertyTester - Validation Result isBrowserStackDisabled : false P/vendingMachine
16:25:23.902 [Worker-18: Launching vendingMachine] INFO  c.b.BrowserStackPluginActivator - The previous launch removed.
16:25:23.904 [Worker-18: Launching vendingMachine] ERROR c.b.BrowserStackPluginActivator - Error in setJavaAgentVMArgs - java.lang.NullPointerException: Cannot invoke "org.eclipse.m2e.core.project.IMavenProjectFacade.getMavenProject(org.eclipse.core.runtime.IProgressMonitor)" because "prjFecade" is null
16:25:28.118 [main] INFO  c.b.a.BrowserStackPropertyTester - Testing : isBrowserStackEnabled
16:25:28.118 [main] INFO  c.b.BrowserStackPluginActivator - Prefs Keys []
16:25:28.120 [main] INFO  c.b.a.BrowserStackPropertyTester - Validation Result isBrowserStackEnabled : true P/vendingMachine
16:25:28.121 [main] INFO  c.b.a.BrowserStackPropertyTester - Testing : isBrowserStackDisabled
16:25:28.121 [main] INFO  c.b.BrowserStackPluginActivator - Prefs Keys []
16:25:28.122 [main] INFO  c.b.a.BrowserStackPropertyTester - Validation Result isBrowserStackDisabled : false P/vendingMachine
16:25:32.846 [main] INFO  c.b.a.BrowserStackPropertyTester - Testing : isBrowserStackEnabled
16:25:32.847 [main] INFO  c.b.BrowserStackPluginActivator - Prefs Keys []
16:25:32.848 [main] INFO  c.b.a.BrowserStackPropertyTester - Validation Result isBrowserStackEnabled : true P/vendingMachine
16:25:32.848 [main] INFO  c.b.a.BrowserStackPropertyTester - Testing : isBrowserStackDisabled
16:25:32.848 [main] INFO  c.b.BrowserStackPluginActivator - Prefs Keys []
16:25:32.849 [main] INFO  c.b.a.BrowserStackPropertyTester - Validation Result isBrowserStackDisabled : false P/vendingMachine
16:25:51.031 [main] INFO  c.b.a.BrowserStackPropertyTester - Testing : isBrowserStackEnabled
16:25:51.031 [main] INFO  c.b.BrowserStackPluginActivator - Prefs Keys []
16:25:51.032 [main] INFO  c.b.a.BrowserStackPropertyTester - Validation Result isBrowserStackEnabled : true P/vendingMachine
16:25:51.033 [main] INFO  c.b.a.BrowserStackPropertyTester - Testing : isBrowserStackDisabled
16:25:51.033 [main] INFO  c.b.BrowserStackPluginActivator - Prefs Keys []
16:25:51.033 [main] INFO  c.b.a.BrowserStackPropertyTester - Validation Result isBrowserStackDisabled : false P/vendingMachine
16:26:09.195 [main] INFO  c.b.a.BrowserStackPropertyTester - Testing : isBrowserStackEnabled
16:26:09.195 [main] INFO  c.b.BrowserStackPluginActivator - Prefs Keys []
16:26:09.196 [main] INFO  c.b.a.BrowserStackPropertyTester - Validation Result isBrowserStackEnabled : true P/vendingMachine
16:26:09.197 [main] INFO  c.b.a.BrowserStackPropertyTester - Testing : isBrowserStackDisabled
16:26:09.197 [main] INFO  c.b.BrowserStackPluginActivator - Prefs Keys []
16:26:09.198 [main] INFO  c.b.a.BrowserStackPropertyTester - Validation Result isBrowserStackDisabled : false P/vendingMachine
16:26:25.580 [main] INFO  c.b.a.BrowserStackPropertyTester - Testing : isBrowserStackEnabled
16:26:25.580 [main] INFO  c.b.BrowserStackPluginActivator - Prefs Keys []
16:26:25.581 [main] INFO  c.b.a.BrowserStackPropertyTester - Validation Result isBrowserStackEnabled : true P/vendingMachine
16:26:25.581 [main] INFO  c.b.a.BrowserStackPropertyTester - Testing : isBrowserStackDisabled
16:26:25.581 [main] INFO  c.b.BrowserStackPluginActivator - Prefs Keys []
16:26:25.582 [main] INFO  c.b.a.BrowserStackPropertyTester - Validation Result isBrowserStackDisabled : false P/vendingMachine
16:26:34.828 [Worker-22: Launching vendingMachine] INFO  c.b.BrowserStackPluginActivator - The previous launch removed.
16:26:34.831 [Worker-22: Launching vendingMachine] ERROR c.b.BrowserStackPluginActivator - Error in setJavaAgentVMArgs - java.lang.NullPointerException: Cannot invoke "org.eclipse.m2e.core.project.IMavenProjectFacade.getMavenProject(org.eclipse.core.runtime.IProgressMonitor)" because "prjFecade" is null
16:27:05.610 [main] INFO  c.b.a.BrowserStackPropertyTester - Testing : isBrowserStackEnabled
16:27:05.610 [main] INFO  c.b.BrowserStackPluginActivator - Prefs Keys []
16:27:05.610 [main] INFO  c.b.a.BrowserStackPropertyTester - Validation Result isBrowserStackEnabled : true P/vendingMachine
16:27:05.611 [main] INFO  c.b.a.BrowserStackPropertyTester - Testing : isBrowserStackDisabled
16:27:05.611 [main] INFO  c.b.BrowserStackPluginActivator - Prefs Keys []
16:27:05.611 [main] INFO  c.b.a.BrowserStackPropertyTester - Validation Result isBrowserStackDisabled : false P/vendingMachine
16:27:10.438 [main] INFO  c.b.a.BrowserStackPropertyTester - Testing : isBrowserStackEnabled
16:27:10.438 [main] INFO  c.b.BrowserStackPluginActivator - Prefs Keys []
16:27:10.439 [main] INFO  c.b.a.BrowserStackPropertyTester - Validation Result isBrowserStackEnabled : true P/vendingMachine
16:27:10.440 [main] INFO  c.b.a.BrowserStackPropertyTester - Testing : isBrowserStackDisabled
16:27:10.440 [main] INFO  c.b.BrowserStackPluginActivator - Prefs Keys []
16:27:10.440 [main] INFO  c.b.a.BrowserStackPropertyTester - Validation Result isBrowserStackDisabled : false P/vendingMachine
16:27:13.897 [main] INFO  c.b.a.BrowserStackPropertyTester - Testing : isBrowserStackEnabled
16:27:13.898 [main] INFO  c.b.BrowserStackPluginActivator - Prefs Keys []
16:27:13.900 [main] INFO  c.b.a.BrowserStackPropertyTester - Validation Result isBrowserStackEnabled : true P/vendingMachine
16:27:13.901 [main] INFO  c.b.a.BrowserStackPropertyTester - Testing : isBrowserStackDisabled
16:27:13.901 [main] INFO  c.b.BrowserStackPluginActivator - Prefs Keys []
16:27:13.903 [main] INFO  c.b.a.BrowserStackPropertyTester - Validation Result isBrowserStackDisabled : false P/vendingMachine
16:27:30.778 [Worker-27: Launching vendingMachine] INFO  c.b.BrowserStackPluginActivator - The previous launch removed.
16:27:30.780 [Worker-27: Launching vendingMachine] ERROR c.b.BrowserStackPluginActivator - Error in setJavaAgentVMArgs - java.lang.NullPointerException: Cannot invoke "org.eclipse.m2e.core.project.IMavenProjectFacade.getMavenProject(org.eclipse.core.runtime.IProgressMonitor)" because "prjFecade" is null
16:29:27.831 [main] INFO  c.b.a.BrowserStackPropertyTester - Testing : isBrowserStackEnabled
16:29:27.832 [main] INFO  c.b.BrowserStackPluginActivator - Prefs Keys []
16:29:27.832 [main] INFO  c.b.a.BrowserStackPropertyTester - Validation Result isBrowserStackEnabled : true P/vendingMachine
16:29:27.833 [main] INFO  c.b.a.BrowserStackPropertyTester - Testing : isBrowserStackDisabled
16:29:27.833 [main] INFO  c.b.BrowserStackPluginActivator - Prefs Keys []
16:29:27.834 [main] INFO  c.b.a.BrowserStackPropertyTester - Validation Result isBrowserStackDisabled : false P/vendingMachine
16:29:28.981 [main] INFO  c.b.a.BrowserStackPropertyTester - Testing : isBrowserStackEnabled
16:29:28.981 [main] INFO  c.b.BrowserStackPluginActivator - Prefs Keys []
16:29:28.982 [main] INFO  c.b.a.BrowserStackPropertyTester - Validation Result isBrowserStackEnabled : true P/vendingMachine
16:29:28.983 [main] INFO  c.b.a.BrowserStackPropertyTester - Testing : isBrowserStackDisabled
16:29:28.983 [main] INFO  c.b.BrowserStackPluginActivator - Prefs Keys []
16:29:28.984 [main] INFO  c.b.a.BrowserStackPropertyTester - Validation Result isBrowserStackDisabled : false P/vendingMachine
16:29:38.708 [main] INFO  c.b.a.BrowserStackPropertyTester - Testing : isBrowserStackEnabled
16:29:38.709 [main] INFO  c.b.BrowserStackPluginActivator - Prefs Keys []
16:29:38.709 [main] INFO  c.b.a.BrowserStackPropertyTester - Validation Result isBrowserStackEnabled : true P/vendingMachine
16:29:38.709 [main] INFO  c.b.a.BrowserStackPropertyTester - Testing : isBrowserStackDisabled
16:29:38.710 [main] INFO  c.b.BrowserStackPluginActivator - Prefs Keys []
16:29:38.710 [main] INFO  c.b.a.BrowserStackPropertyTester - Validation Result isBrowserStackDisabled : false P/vendingMachine
16:29:53.506 [main] INFO  c.b.a.BrowserStackPropertyTester - Testing : isBrowserStackEnabled
16:29:53.506 [main] INFO  c.b.BrowserStackPluginActivator - Prefs Keys []
16:29:53.506 [main] INFO  c.b.a.BrowserStackPropertyTester - Validation Result isBrowserStackEnabled : true P/vendingMachine
16:29:53.507 [main] INFO  c.b.a.BrowserStackPropertyTester - Testing : isBrowserStackDisabled
16:29:53.507 [main] INFO  c.b.BrowserStackPluginActivator - Prefs Keys []
16:29:53.507 [main] INFO  c.b.a.BrowserStackPropertyTester - Validation Result isBrowserStackDisabled : false P/vendingMachine
16:29:58.584 [Worker-13: Launching vendingMachine] INFO  c.b.BrowserStackPluginActivator - The previous launch removed.
16:29:58.585 [Worker-13: Launching vendingMachine] ERROR c.b.BrowserStackPluginActivator - Error in setJavaAgentVMArgs - java.lang.NullPointerException: Cannot invoke "org.eclipse.m2e.core.project.IMavenProjectFacade.getMavenProject(org.eclipse.core.runtime.IProgressMonitor)" because "prjFecade" is null
16:30:05.197 [main] INFO  c.b.a.BrowserStackPropertyTester - Testing : isBrowserStackEnabled
16:30:05.197 [main] INFO  c.b.BrowserStackPluginActivator - Prefs Keys []
16:30:05.199 [main] INFO  c.b.a.BrowserStackPropertyTester - Validation Result isBrowserStackEnabled : true P/vendingMachine
16:30:05.199 [main] INFO  c.b.a.BrowserStackPropertyTester - Testing : isBrowserStackDisabled
16:30:05.200 [main] INFO  c.b.BrowserStackPluginActivator - Prefs Keys []
16:30:05.201 [main] INFO  c.b.a.BrowserStackPropertyTester - Validation Result isBrowserStackDisabled : false P/vendingMachine
16:30:39.546 [main] INFO  c.b.a.BrowserStackPropertyTester - Testing : isBrowserStackEnabled
16:30:39.547 [main] INFO  c.b.BrowserStackPluginActivator - Prefs Keys []
16:30:39.547 [main] INFO  c.b.a.BrowserStackPropertyTester - Validation Result isBrowserStackEnabled : true P/vendingMachine
16:30:39.549 [main] INFO  c.b.a.BrowserStackPropertyTester - Testing : isBrowserStackDisabled
16:30:39.549 [main] INFO  c.b.BrowserStackPluginActivator - Prefs Keys []
16:30:39.551 [main] INFO  c.b.a.BrowserStackPropertyTester - Validation Result isBrowserStackDisabled : false P/vendingMachine
16:31:18.708 [Worker-27: Launching vendingMachine] INFO  c.b.BrowserStackPluginActivator - The previous launch removed.
16:31:18.711 [Worker-27: Launching vendingMachine] ERROR c.b.BrowserStackPluginActivator - Error in setJavaAgentVMArgs - java.lang.NullPointerException: Cannot invoke "org.eclipse.m2e.core.project.IMavenProjectFacade.getMavenProject(org.eclipse.core.runtime.IProgressMonitor)" because "prjFecade" is null
16:35:43.768 [Worker-26: Launching TestVendingMachineGetChoc] INFO  c.b.BrowserStackPluginActivator - The previous launch removed.
16:35:43.770 [Worker-26: Launching TestVendingMachineGetChoc] ERROR c.b.BrowserStackPluginActivator - Error in setJavaAgentVMArgs - java.lang.NullPointerException: Cannot invoke "org.eclipse.m2e.core.project.IMavenProjectFacade.getMavenProject(org.eclipse.core.runtime.IProgressMonitor)" because "prjFecade" is null
16:35:48.003 [Worker-27: Launching TestVendingMachineGetChoc] INFO  c.b.BrowserStackPluginActivator - The previous launch removed.
16:35:48.004 [Worker-27: Launching TestVendingMachineGetChoc] ERROR c.b.BrowserStackPluginActivator - Error in setJavaAgentVMArgs - java.lang.NullPointerException: Cannot invoke "org.eclipse.m2e.core.project.IMavenProjectFacade.getMavenProject(org.eclipse.core.runtime.IProgressMonitor)" because "prjFecade" is null
16:35:52.768 [Worker-28: Launching vendingMachine] INFO  c.b.BrowserStackPluginActivator - The previous launch removed.
16:35:52.769 [Worker-28: Launching vendingMachine] ERROR c.b.BrowserStackPluginActivator - Error in setJavaAgentVMArgs - java.lang.NullPointerException: Cannot invoke "org.eclipse.m2e.core.project.IMavenProjectFacade.getMavenProject(org.eclipse.core.runtime.IProgressMonitor)" because "prjFecade" is null
16:36:03.037 [Worker-26: Launching TestVendingMachineGetChoc] INFO  c.b.BrowserStackPluginActivator - The previous launch removed.
16:36:03.038 [Worker-26: Launching TestVendingMachineGetChoc] ERROR c.b.BrowserStackPluginActivator - Error in setJavaAgentVMArgs - java.lang.NullPointerException: Cannot invoke "org.eclipse.m2e.core.project.IMavenProjectFacade.getMavenProject(org.eclipse.core.runtime.IProgressMonitor)" because "prjFecade" is null
16:36:04.852 [Worker-26: Launching TestVendingMachineGetChoc] INFO  c.b.BrowserStackPluginActivator - The previous launch removed.
16:36:12.693 [Worker-26: Launching TestVendingMachineGetChoc] ERROR c.b.BrowserStackPluginActivator - Error in setJavaAgentVMArgs - java.lang.NullPointerException: Cannot invoke "org.eclipse.m2e.core.project.IMavenProjectFacade.getMavenProject(org.eclipse.core.runtime.IProgressMonitor)" because "prjFecade" is null
16:39:16.439 [main] INFO  c.b.a.BrowserStackPropertyTester - Testing : isBrowserStackEnabled
16:39:16.439 [main] INFO  c.b.BrowserStackPluginActivator - Prefs Keys []
16:39:16.440 [main] INFO  c.b.a.BrowserStackPropertyTester - Validation Result isBrowserStackEnabled : true P/vendingMachine
16:39:16.440 [main] INFO  c.b.a.BrowserStackPropertyTester - Testing : isBrowserStackDisabled
16:39:16.440 [main] INFO  c.b.BrowserStackPluginActivator - Prefs Keys []
16:39:16.441 [main] INFO  c.b.a.BrowserStackPropertyTester - Validation Result isBrowserStackDisabled : false P/vendingMachine
16:39:25.167 [Worker-27: Launching TestVendingMachineGetChoc] INFO  c.b.BrowserStackPluginActivator - The previous launch removed.
16:39:25.168 [Worker-27: Launching TestVendingMachineGetChoc] ERROR c.b.BrowserStackPluginActivator - Error in setJavaAgentVMArgs - java.lang.NullPointerException: Cannot invoke "org.eclipse.m2e.core.project.IMavenProjectFacade.getMavenProject(org.eclipse.core.runtime.IProgressMonitor)" because "prjFecade" is null
16:39:28.845 [Worker-13: Launching TestVendingMachineGetChoc] INFO  c.b.BrowserStackPluginActivator - The previous launch removed.
16:39:28.846 [Worker-13: Launching TestVendingMachineGetChoc] ERROR c.b.BrowserStackPluginActivator - Error in setJavaAgentVMArgs - java.lang.NullPointerException: Cannot invoke "org.eclipse.m2e.core.project.IMavenProjectFacade.getMavenProject(org.eclipse.core.runtime.IProgressMonitor)" because "prjFecade" is null
16:39:29.059 [Worker-26: Launching TestVendingMachineGetChoc] ERROR c.b.BrowserStackPluginActivator - Error in setJavaAgentVMArgs - java.lang.NullPointerException: Cannot invoke "org.eclipse.m2e.core.project.IMavenProjectFacade.getMavenProject(org.eclipse.core.runtime.IProgressMonitor)" because "prjFecade" is null
16:39:29.261 [Worker-32: Launching TestVendingMachineGetChoc] ERROR c.b.BrowserStackPluginActivator - Error in setJavaAgentVMArgs - java.lang.NullPointerException: Cannot invoke "org.eclipse.m2e.core.project.IMavenProjectFacade.getMavenProject(org.eclipse.core.runtime.IProgressMonitor)" because "prjFecade" is null
16:39:29.480 [Worker-33: Launching TestVendingMachineGetChoc] ERROR c.b.BrowserStackPluginActivator - Error in setJavaAgentVMArgs - java.lang.NullPointerException: Cannot invoke "org.eclipse.m2e.core.project.IMavenProjectFacade.getMavenProject(org.eclipse.core.runtime.IProgressMonitor)" because "prjFecade" is null
16:39:29.686 [Worker-34: Launching TestVendingMachineGetChoc] ERROR c.b.BrowserStackPluginActivator - Error in setJavaAgentVMArgs - java.lang.NullPointerException: Cannot invoke "org.eclipse.m2e.core.project.IMavenProjectFacade.getMavenProject(org.eclipse.core.runtime.IProgressMonitor)" because "prjFecade" is null
16:39:29.856 [Worker-28: Launching TestVendingMachineGetChoc] ERROR c.b.BrowserStackPluginActivator - Error in setJavaAgentVMArgs - java.lang.NullPointerException: Cannot invoke "org.eclipse.m2e.core.project.IMavenProjectFacade.getMavenProject(org.eclipse.core.runtime.IProgressMonitor)" because "prjFecade" is null
16:39:30.044 [Worker-34: Launching TestVendingMachineGetChoc] INFO  c.b.BrowserStackPluginActivator - The previous launch removed.
16:39:30.045 [Worker-28: Launching TestVendingMachineGetChoc] INFO  c.b.BrowserStackPluginActivator - The previous launch removed.
16:39:30.046 [Worker-32: Launching TestVendingMachineGetChoc] INFO  c.b.BrowserStackPluginActivator - The previous launch removed.
16:39:30.047 [Worker-33: Launching TestVendingMachineGetChoc] INFO  c.b.BrowserStackPluginActivator - The previous launch removed.
16:39:30.047 [Worker-34: Launching TestVendingMachineGetChoc] ERROR c.b.BrowserStackPluginActivator - Error in setJavaAgentVMArgs - java.lang.NullPointerException: Cannot invoke "org.eclipse.m2e.core.project.IMavenProjectFacade.getMavenProject(org.eclipse.core.runtime.IProgressMonitor)" because "prjFecade" is null
16:39:30.048 [Worker-35: Launching TestVendingMachineGetChoc] INFO  c.b.BrowserStackPluginActivator - The previous launch removed.
16:39:30.049 [Worker-32: Launching TestVendingMachineGetChoc] ERROR c.b.BrowserStackPluginActivator - Error in setJavaAgentVMArgs - java.lang.NullPointerException: Cannot invoke "org.eclipse.m2e.core.project.IMavenProjectFacade.getMavenProject(org.eclipse.core.runtime.IProgressMonitor)" because "prjFecade" is null
16:39:30.050 [Worker-28: Launching TestVendingMachineGetChoc] ERROR c.b.BrowserStackPluginActivator - Error in setJavaAgentVMArgs - java.lang.NullPointerException: Cannot invoke "org.eclipse.m2e.core.project.IMavenProjectFacade.getMavenProject(org.eclipse.core.runtime.IProgressMonitor)" because "prjFecade" is null
16:39:30.051 [Worker-35: Launching TestVendingMachineGetChoc] ERROR c.b.BrowserStackPluginActivator - Error in setJavaAgentVMArgs - java.lang.NullPointerException: Cannot invoke "org.eclipse.m2e.core.project.IMavenProjectFacade.getMavenProject(org.eclipse.core.runtime.IProgressMonitor)" because "prjFecade" is null
16:39:30.051 [Worker-33: Launching TestVendingMachineGetChoc] ERROR c.b.BrowserStackPluginActivator - Error in setJavaAgentVMArgs - java.lang.NullPointerException: Cannot invoke "org.eclipse.m2e.core.project.IMavenProjectFacade.getMavenProject(org.eclipse.core.runtime.IProgressMonitor)" because "prjFecade" is null
16:39:30.052 [Worker-35: Launching TestVendingMachineGetChoc] INFO  c.b.BrowserStackPluginActivator - The previous launch removed.
16:39:30.054 [Worker-35: Launching TestVendingMachineGetChoc] ERROR c.b.BrowserStackPluginActivator - Error in setJavaAgentVMArgs - java.lang.NullPointerException: Cannot invoke "org.eclipse.m2e.core.project.IMavenProjectFacade.getMavenProject(org.eclipse.core.runtime.IProgressMonitor)" because "prjFecade" is null
16:39:30.224 [Worker-33: Launching TestVendingMachineGetChoc] INFO  c.b.BrowserStackPluginActivator - The previous launch removed.
16:39:30.225 [Worker-33: Launching TestVendingMachineGetChoc] ERROR c.b.BrowserStackPluginActivator - Error in setJavaAgentVMArgs - java.lang.NullPointerException: Cannot invoke "org.eclipse.m2e.core.project.IMavenProjectFacade.getMavenProject(org.eclipse.core.runtime.IProgressMonitor)" because "prjFecade" is null
16:39:30.390 [Worker-32: Launching TestVendingMachineGetChoc] ERROR c.b.BrowserStackPluginActivator - Error in setJavaAgentVMArgs - java.lang.NullPointerException: Cannot invoke "org.eclipse.m2e.core.project.IMavenProjectFacade.getMavenProject(org.eclipse.core.runtime.IProgressMonitor)" because "prjFecade" is null
16:39:31.094 [Worker-32: Launching TestVendingMachineGetChoc] INFO  c.b.BrowserStackPluginActivator - The previous launch removed.
16:39:31.094 [Worker-33: Launching TestVendingMachineGetChoc] INFO  c.b.BrowserStackPluginActivator - The previous launch removed.
16:39:31.097 [Worker-32: Launching TestVendingMachineGetChoc] ERROR c.b.BrowserStackPluginActivator - Error in setJavaAgentVMArgs - java.lang.NullPointerException: Cannot invoke "org.eclipse.m2e.core.project.IMavenProjectFacade.getMavenProject(org.eclipse.core.runtime.IProgressMonitor)" because "prjFecade" is null
16:39:31.098 [Worker-33: Launching TestVendingMachineGetChoc] ERROR c.b.BrowserStackPluginActivator - Error in setJavaAgentVMArgs - java.lang.NullPointerException: Cannot invoke "org.eclipse.m2e.core.project.IMavenProjectFacade.getMavenProject(org.eclipse.core.runtime.IProgressMonitor)" because "prjFecade" is null
16:39:36.629 [Worker-37: Launching vendingMachine] INFO  c.b.BrowserStackPluginActivator - The previous launch removed.
16:39:36.629 [Worker-37: Launching vendingMachine] INFO  c.b.BrowserStackPluginActivator - The previous launch removed.
16:39:36.630 [Worker-37: Launching vendingMachine] INFO  c.b.BrowserStackPluginActivator - The previous launch removed.
16:39:36.630 [Worker-37: Launching vendingMachine] INFO  c.b.BrowserStackPluginActivator - The previous launch removed.
16:39:36.631 [Worker-37: Launching vendingMachine] INFO  c.b.BrowserStackPluginActivator - The previous launch removed.
16:39:36.632 [Worker-37: Launching vendingMachine] ERROR c.b.BrowserStackPluginActivator - Error in setJavaAgentVMArgs - java.lang.NullPointerException: Cannot invoke "org.eclipse.m2e.core.project.IMavenProjectFacade.getMavenProject(org.eclipse.core.runtime.IProgressMonitor)" because "prjFecade" is null
16:39:45.036 [main] INFO  c.b.a.BrowserStackPropertyTester - Testing : isBrowserStackEnabled
16:39:45.036 [main] INFO  c.b.BrowserStackPluginActivator - Prefs Keys []
16:39:45.037 [main] INFO  c.b.a.BrowserStackPropertyTester - Validation Result isBrowserStackEnabled : true P/vendingMachine
16:39:45.037 [main] INFO  c.b.a.BrowserStackPropertyTester - Testing : isBrowserStackDisabled
16:39:45.037 [main] INFO  c.b.BrowserStackPluginActivator - Prefs Keys []
16:39:45.038 [main] INFO  c.b.a.BrowserStackPropertyTester - Validation Result isBrowserStackDisabled : false P/vendingMachine
16:39:52.268 [Worker-28: Launching vendingMachine (1)] INFO  c.b.BrowserStackPluginActivator - The previous launch removed.
16:39:52.270 [Worker-28: Launching vendingMachine (1)] ERROR c.b.BrowserStackPluginActivator - Error in setJavaAgentVMArgs - java.lang.NullPointerException: Cannot invoke "org.eclipse.m2e.core.project.IMavenProjectFacade.getMavenProject(org.eclipse.core.runtime.IProgressMonitor)" because "prjFecade" is null
16:40:31.795 [Worker-33: Launching vendingMachine (1)] INFO  c.b.BrowserStackPluginActivator - The previous launch removed.
16:40:31.795 [Worker-33: Launching vendingMachine (1)] INFO  c.b.BrowserStackPluginActivator - The previous launch removed.
16:40:31.797 [Worker-33: Launching vendingMachine (1)] INFO  c.b.BrowserStackPluginActivator - The previous launch removed.
16:40:31.797 [Worker-33: Launching vendingMachine (1)] ERROR c.b.BrowserStackPluginActivator - Error in setJavaAgentVMArgs - java.lang.NullPointerException: Cannot invoke "org.eclipse.m2e.core.project.IMavenProjectFacade.getMavenProject(org.eclipse.core.runtime.IProgressMonitor)" because "prjFecade" is null
16:40:35.812 [main] INFO  c.b.a.BrowserStackPropertyTester - Testing : isBrowserStackEnabled
16:40:35.812 [main] INFO  c.b.BrowserStackPluginActivator - Prefs Keys []
16:40:35.812 [main] INFO  c.b.a.BrowserStackPropertyTester - Validation Result isBrowserStackEnabled : true P/vendingMachine
16:40:35.813 [main] INFO  c.b.a.BrowserStackPropertyTester - Testing : isBrowserStackDisabled
16:40:35.813 [main] INFO  c.b.BrowserStackPluginActivator - Prefs Keys []
16:40:35.813 [main] INFO  c.b.a.BrowserStackPropertyTester - Validation Result isBrowserStackDisabled : false P/vendingMachine
16:41:17.190 [Worker-39: Launching vendingMachine (1)] INFO  c.b.BrowserStackPluginActivator - The previous launch removed.
16:41:17.192 [Worker-39: Launching vendingMachine (1)] ERROR c.b.BrowserStackPluginActivator - Error in setJavaAgentVMArgs - java.lang.NullPointerException: Cannot invoke "org.eclipse.m2e.core.project.IMavenProjectFacade.getMavenProject(org.eclipse.core.runtime.IProgressMonitor)" because "prjFecade" is null
16:41:23.703 [main] INFO  c.b.a.BrowserStackPropertyTester - Testing : isBrowserStackEnabled
16:41:23.703 [main] INFO  c.b.BrowserStackPluginActivator - Prefs Keys []
16:41:23.705 [main] INFO  c.b.a.BrowserStackPropertyTester - Validation Result isBrowserStackEnabled : true P/vendingMachine
16:41:23.705 [main] INFO  c.b.a.BrowserStackPropertyTester - Testing : isBrowserStackDisabled
16:41:23.705 [main] INFO  c.b.BrowserStackPluginActivator - Prefs Keys []
16:41:23.706 [main] INFO  c.b.a.BrowserStackPropertyTester - Validation Result isBrowserStackDisabled : false P/vendingMachine
16:41:25.255 [main] INFO  c.b.a.BrowserStackPropertyTester - Testing : isBrowserStackEnabled
16:41:25.256 [main] INFO  c.b.BrowserStackPluginActivator - Prefs Keys []
16:41:25.256 [main] INFO  c.b.a.BrowserStackPropertyTester - Validation Result isBrowserStackEnabled : true P/vendingMachine
16:41:25.257 [main] INFO  c.b.a.BrowserStackPropertyTester - Testing : isBrowserStackDisabled
16:41:25.257 [main] INFO  c.b.BrowserStackPluginActivator - Prefs Keys []
16:41:25.258 [main] INFO  c.b.a.BrowserStackPropertyTester - Validation Result isBrowserStackDisabled : false P/vendingMachine
16:41:30.903 [Worker-13: Launching vendingMachine (1)] INFO  c.b.BrowserStackPluginActivator - The previous launch removed.
16:41:30.904 [Worker-13: Launching vendingMachine (1)] ERROR c.b.BrowserStackPluginActivator - Error in setJavaAgentVMArgs - java.lang.NullPointerException: Cannot invoke "org.eclipse.m2e.core.project.IMavenProjectFacade.getMavenProject(org.eclipse.core.runtime.IProgressMonitor)" because "prjFecade" is null
16:41:42.237 [main] INFO  c.b.a.BrowserStackPropertyTester - Testing : isBrowserStackEnabled
16:41:42.237 [main] INFO  c.b.BrowserStackPluginActivator - Prefs Keys []
16:41:42.238 [main] INFO  c.b.a.BrowserStackPropertyTester - Validation Result isBrowserStackEnabled : true P/vendingMachine
16:41:42.239 [main] INFO  c.b.a.BrowserStackPropertyTester - Testing : isBrowserStackDisabled
16:41:42.239 [main] INFO  c.b.BrowserStackPluginActivator - Prefs Keys []
16:41:42.239 [main] INFO  c.b.a.BrowserStackPropertyTester - Validation Result isBrowserStackDisabled : false P/vendingMachine
16:41:46.285 [Worker-34: Launching vendingMachine (1)] INFO  c.b.BrowserStackPluginActivator - The previous launch removed.
16:41:46.286 [Worker-34: Launching vendingMachine (1)] ERROR c.b.BrowserStackPluginActivator - Error in setJavaAgentVMArgs - java.lang.NullPointerException: Cannot invoke "org.eclipse.m2e.core.project.IMavenProjectFacade.getMavenProject(org.eclipse.core.runtime.IProgressMonitor)" because "prjFecade" is null
16:42:17.835 [Worker-37: Launching vendingMachine (1)] INFO  c.b.BrowserStackPluginActivator - The previous launch removed.
16:42:17.836 [Worker-37: Launching vendingMachine (1)] ERROR c.b.BrowserStackPluginActivator - Error in setJavaAgentVMArgs - java.lang.NullPointerException: Cannot invoke "org.eclipse.m2e.core.project.IMavenProjectFacade.getMavenProject(org.eclipse.core.runtime.IProgressMonitor)" because "prjFecade" is null
16:42:27.569 [Framework stop - Equinox Container: f85c8e47-c1a3-407f-881f-432c91cff188] INFO  c.b.BrowserStackPluginActivator - Stopping BrowserStack Plugin...
